19-June-22 | Sunday | 17:42:19 PM - root - DEBUG | This is debug
19-June-22 | Sunday | 17:42:19 PM - root - INFO | This is info
19-June-22 | Sunday | 17:42:19 PM - root - WARNING | This is warning
19-June-22 | Sunday | 17:42:19 PM - root - ERROR | This is error
19-June-22 | Sunday | 17:42:19 PM - root - CRITICAL | This is critical
19-June-22 | Sunday | 17:42:52 PM - root - DEBUG | This is debug
19-June-22 | Sunday | 17:42:52 PM - root - INFO | This is info
19-June-22 | Sunday | 17:42:52 PM - root - WARNING | This is warning
19-June-22 | Sunday | 17:42:52 PM - root - ERROR | This is error
19-June-22 | Sunday | 17:42:52 PM - root - CRITICAL | This is critical
19-June-22 | Sunday | 17:55:13 PM - root - DEBUG | This is debug
19-June-22 | Sunday | 17:55:13 PM - root - INFO | This is info
19-June-22 | Sunday | 17:55:13 PM - root - WARNING | This is warning
19-June-22 | Sunday | 17:55:13 PM - root - ERROR | This is error
19-June-22 | Sunday | 17:55:13 PM - root - CRITICAL | This is critical
19-June-22 | Sunday | 18:27:53 PM - root - DEBUG | This is debug
19-June-22 | Sunday | 18:27:53 PM - root - INFO | This is info
19-June-22 | Sunday | 18:27:53 PM - root - WARNING | This is warning
19-June-22 | Sunday | 18:27:53 PM - root - ERROR | This is error
19-June-22 | Sunday | 18:27:53 PM - root - CRITICAL | This is critical
19-June-22 | Sunday | 18:28:52 PM - root - DEBUG | This is debug
19-June-22 | Sunday | 18:28:52 PM - root - INFO | This is info
19-June-22 | Sunday | 18:28:52 PM - root - WARNING | This is warning
19-June-22 | Sunday | 18:28:52 PM - root - ERROR | This is error
19-June-22 | Sunday | 18:28:52 PM - root - CRITICAL | This is critical
19-June-22 | Sunday | 18:29:28 PM - root - DEBUG | This is debug
19-June-22 | Sunday | 18:29:28 PM - root - INFO | This is info
19-June-22 | Sunday | 18:29:28 PM - root - WARNING | This is warning
19-June-22 | Sunday | 18:29:28 PM - root - ERROR | This is error
19-June-22 | Sunday | 18:29:28 PM - root - CRITICAL | This is critical
19-June-22 | Sunday | 18:42:55 PM - root - DEBUG | This is debug
19-June-22 | Sunday | 18:42:55 PM - root - INFO | This is info
19-June-22 | Sunday | 18:42:55 PM - root - WARNING | This is warning
19-June-22 | Sunday | 18:42:55 PM - root - ERROR | This is error
19-June-22 | Sunday | 18:42:55 PM - root - CRITICAL | This is critical
19-June-22 | Sunday | 23:58:09 PM - LoggerDemo - DEBUG | This is debug
19-June-22 | Sunday | 23:58:09 PM - LoggerDemo - INFO | This is info
19-June-22 | Sunday | 23:58:09 PM - LoggerDemo - WARNING | This is warning
19-June-22 | Sunday | 23:58:09 PM - LoggerDemo - ERROR | This is error
19-June-22 | Sunday | 23:58:09 PM - LoggerDemo - CRITICAL | This is critical
20-June-22 | Monday | 23:05:55 PM - LoggerDemo - DEBUG | This is debug
20-June-22 | Monday | 23:05:55 PM - LoggerDemo - INFO | This is info
20-June-22 | Monday | 23:05:55 PM - LoggerDemo - WARNING | This is warning
20-June-22 | Monday | 23:05:55 PM - LoggerDemo - ERROR | This is error
20-June-22 | Monday | 23:05:55 PM - LoggerDemo - CRITICAL | This is critical
20-June-22 | Monday | 23:06:55 PM - LoggerDemo - DEBUG | This is debug
20-June-22 | Monday | 23:06:55 PM - LoggerDemo - INFO | This is info
20-June-22 | Monday | 23:06:55 PM - LoggerDemo - WARNING | This is warning
20-June-22 | Monday | 23:06:55 PM - LoggerDemo - ERROR | This is error
20-June-22 | Monday | 23:06:55 PM - LoggerDemo - CRITICAL | This is critical
20-June-22 | Monday | 23:09:12 PM - LoggerDemo - DEBUG - This is debug
20-June-22 | Monday | 23:09:12 PM - LoggerDemo - INFO - This is info
20-June-22 | Monday | 23:09:12 PM - LoggerDemo - WARNING - This is warning
20-June-22 | Monday | 23:09:12 PM - LoggerDemo - ERROR - This is error
20-June-22 | Monday | 23:09:12 PM - LoggerDemo - CRITICAL - This is critical
